[    1172ms] [WARNING] [Intercom] The App ID in your code snippet has not been set. Set it to your App ID found in settings to complete installation: https://app.intercom.com/a/apps/_/settings/web @ https://js.intercomcdn.com/frame-modern.40aacdf2.js:0
[   32098ms] [ERROR] Failed to load resource: net::ERR_TIMED_OUT @ https://api-iam.intercom.io/messenger/web/ping:0
[   43578ms] [WARNING] [Intercom] The App ID in your code snippet has not been set. Set it to your App ID found in settings to complete installation: https://app.intercom.com/a/apps/_/settings/web @ https://js.intercomcdn.com/frame-modern.40aacdf2.js:0
[   74382ms] [ERROR] Failed to load resource: net::ERR_TIMED_OUT @ https://api-iam.intercom.io/messenger/web/ping:0
[   79718ms] [WARNING] [Intercom] The App ID in your code snippet has not been set. Set it to your App ID found in settings to complete installation: https://app.intercom.com/a/apps/_/settings/web @ https://js.intercomcdn.com/frame-modern.40aacdf2.js:0
[  109030ms] [WARNING] [Intercom] The App ID in your code snippet has not been set. Set it to your App ID found in settings to complete installation: https://app.intercom.com/a/apps/_/settings/web @ https://js.intercomcdn.com/frame-modern.40aacdf2.js:0
[  110544ms] [ERROR] Failed to load resource: net::ERR_TIMED_OUT @ https://api-iam.intercom.io/messenger/web/ping:0
[  132192ms] [WARNING] [Intercom] The App ID in your code snippet has not been set. Set it to your App ID found in settings to complete installation: https://app.intercom.com/a/apps/_/settings/web @ https://js.intercomcdn.com/frame-modern.40aacdf2.js:0
[  139592ms] [ERROR] Failed to load resource: net::ERR_TIMED_OUT @ https://api-iam.intercom.io/messenger/web/ping:0
[  153963ms] [WARNING] [Intercom] The App ID in your code snippet has not been set. Set it to your App ID found in settings to complete installation: https://app.intercom.com/a/apps/_/settings/web @ https://js.intercomcdn.com/frame-modern.40aacdf2.js:0
[  162857ms] [ERROR] Failed to load resource: net::ERR_TIMED_OUT @ https://api-iam.intercom.io/messenger/web/ping:0
[  178313ms] [WARNING] [Intercom] The App ID in your code snippet has not been set. Set it to your App ID found in settings to complete installation: https://app.intercom.com/a/apps/_/settings/web @ https://js.intercomcdn.com/frame-modern.40aacdf2.js:0
[  185123ms] [ERROR] Failed to load resource: net::ERR_TIMED_OUT @ https://api-iam.intercom.io/messenger/web/ping:0
[  239657ms] [WARNING] [Intercom] The App ID in your code snippet has not been set. Set it to your App ID found in settings to complete installation: https://app.intercom.com/a/apps/_/settings/web @ https://js.intercomcdn.com/frame-modern.40aacdf2.js:0
[  262635ms] [WARNING] [Intercom] The App ID in your code snippet has not been set. Set it to your App ID found in settings to complete installation: https://app.intercom.com/a/apps/_/settings/web @ https://js.intercomcdn.com/frame-modern.40aacdf2.js:0
[  271113ms] [ERROR] Failed to load resource: net::ERR_TIMED_OUT @ https://api-iam.intercom.io/messenger/web/ping:0
[  328778ms] [WARNING] [Intercom] The App ID in your code snippet has not been set. Set it to your App ID found in settings to complete installation: https://app.intercom.com/a/apps/_/settings/web @ https://js.intercomcdn.com/frame-modern.40aacdf2.js:0
[  359716ms] [ERROR] Failed to load resource: net::ERR_TIMED_OUT @ https://api-iam.intercom.io/messenger/web/ping:0
[  426481ms] [ERROR] Failed to load resource: net::ERR_TIMED_OUT @ https://api-iam.intercom.io/messenger/web/launcher_settings:0
[  426799ms] [ERROR] Failed to load resource: net::ERR_TIMED_OUT @ https://api-iam.intercom.io/messenger/web/ping:0
[  485891ms] [WARNING] [Intercom] The App ID in your code snippet has not been set. Set it to your App ID found in settings to complete installation: https://app.intercom.com/a/apps/_/settings/web @ https://js.intercomcdn.com/frame-modern.40aacdf2.js:0
[  501049ms] [ERROR] Failed to load resource: net::ERR_TIMED_OUT @ https://api-iam.intercom.io/messenger/web/ping:0
[  506416ms] [WARNING] [Intercom] The App ID in your code snippet has not been set. Set it to your App ID found in settings to complete installation: https://app.intercom.com/a/apps/_/settings/web @ https://js.intercomcdn.com/frame-modern.40aacdf2.js:0
[  516807ms] [ERROR] Failed to load resource: net::ERR_TIMED_OUT @ https://api-iam.intercom.io/messenger/web/ping:0
[  523462ms] [WARNING] [Intercom] The App ID in your code snippet has not been set. Set it to your App ID found in settings to complete installation: https://app.intercom.com/a/apps/_/settings/web @ https://js.intercomcdn.com/frame-modern.40aacdf2.js:0
[  537291ms] [ERROR] Failed to load resource: net::ERR_TIMED_OUT @ https://api-iam.intercom.io/messenger/web/ping:0
